<?xml version="1.0" encoding="UTF-8"?>
<!-- Generated by org.testng.reporters.JUnitXMLReporter -->
<testsuite ignored="1" hostname="biswa-mishra" failures="1" tests="1" name="Test - 1" time="18.336" errors="0" timestamp="05 Mar 2023 08:05:31 GMT">
  <testcase classname="gtl.GtlTest" name="test1" time="1.544">
    <failure type="java.lang.NullPointerException">
      <![CDATA[java.lang.NullPointerException
at pages.HomePage.ClickLogin(HomePage.java:37)
at gtl.GtlTest.test1(GtlTest.java:35)
... Removed 29 stack frames]]>
    </failure>
  </testcase> <!-- test1 -->
  <testcase classname="gtl.GtlTest" name="test2" time="0.0">
    <ignored/>
  </testcase> <!-- test2 -->
</testsuite> <!-- Test - 1 -->
